c:\users\evan\desktop\slam\buptslam_v7\buptslam\buptslam\x64\release\gridslamprocessor_tree.obj
c:\users\evan\desktop\slam\buptslam_v7\buptslam\buptslam\x64\release\carmenconfiguration.obj
c:\users\evan\desktop\slam\buptslam_v7\buptslam\buptslam\x64\release\scanmatcher.obj
c:\users\evan\desktop\slam\buptslam_v7\buptslam\buptslam\x64\release\configuration.obj
c:\users\evan\desktop\slam\buptslam_v7\buptslam\buptslam\x64\release\odometryreading.obj
c:\users\evan\desktop\slam\buptslam_v7\buptslam\buptslam\x64\release\sensorlog.obj
c:\users\evan\desktop\slam\buptslam_v7\buptslam\buptslam\x64\release\gridslamprocessor.obj
c:\users\evan\desktop\slam\buptslam_v7\buptslam\buptslam\x64\release\configfile.obj
c:\users\evan\desktop\slam\buptslam_v7\buptslam\buptslam\x64\release\rangesensor.obj
c:\users\evan\desktop\slam\buptslam_v7\buptslam\buptslam\x64\release\smmap.obj
c:\users\evan\desktop\slam\buptslam_v7\buptslam\buptslam\x64\release\motionmodel.obj
c:\users\evan\desktop\slam\buptslam_v7\buptslam\buptslam\x64\release\rangereading.obj
c:\users\evan\desktop\slam\buptslam_v7\buptslam\buptslam\x64\release\sensorreading.obj
c:\users\evan\desktop\slam\buptslam_v7\buptslam\buptslam\x64\release\stat.obj
c:\users\evan\desktop\slam\buptslam_v7\buptslam\buptslam\x64\release\movement.obj
c:\users\evan\desktop\slam\buptslam_v7\buptslam\buptslam\x64\release\odometrysensor.obj
c:\users\evan\desktop\slam\buptslam_v7\buptslam\buptslam\x64\release\sensor.obj
c:\users\evan\desktop\slam\buptslam_v7\buptslam\buptslam\x64\release\sse_math.obj
c:\users\evan\desktop\slam\buptslam_v7\buptslam\buptslam\x64\release\main.obj
c:\users\evan\desktop\slam\buptslam_v7\buptslam\buptslam\x64\release\vc120.pdb
c:\users\evan\desktop\slam\buptslam_v7\buptslam\x64\release\buptslam.exe
c:\users\evan\desktop\slam\buptslam_v7\buptslam\x64\release\buptslam.pdb
c:\users\evan\desktop\slam\buptslam_v7\buptslam\buptslam\x64\release\buptslam.tlog\cl.command.1.tlog
c:\users\evan\desktop\slam\buptslam_v7\buptslam\buptslam\x64\release\buptslam.tlog\cl.read.1.tlog
c:\users\evan\desktop\slam\buptslam_v7\buptslam\buptslam\x64\release\buptslam.tlog\cl.write.1.tlog
c:\users\evan\desktop\slam\buptslam_v7\buptslam\buptslam\x64\release\buptslam.tlog\link.command.1.tlog
c:\users\evan\desktop\slam\buptslam_v7\buptslam\buptslam\x64\release\buptslam.tlog\link.read.1.tlog
c:\users\evan\desktop\slam\buptslam_v7\buptslam\buptslam\x64\release\buptslam.tlog\link.write.1.tlog
