c:\users\evan\desktop\slam\buptslam_v7\buptslam\buptslam\x64\debug\vc120.pdb
c:\users\evan\desktop\slam\buptslam_v7\buptslam\buptslam\x64\debug\vc120.idb
c:\users\evan\desktop\slam\buptslam_v7\buptslam\buptslam\x64\debug\carmenconfiguration.obj
c:\users\evan\desktop\slam\buptslam_v7\buptslam\buptslam\x64\debug\configfile.obj
c:\users\evan\desktop\slam\buptslam_v7\buptslam\buptslam\x64\debug\configuration.obj
c:\users\evan\desktop\slam\buptslam_v7\buptslam\buptslam\x64\debug\gridslamprocessor.obj
c:\users\evan\desktop\slam\buptslam_v7\buptslam\buptslam\x64\debug\gridslamprocessor_tree.obj
c:\users\evan\desktop\slam\buptslam_v7\buptslam\buptslam\x64\debug\main.obj
c:\users\evan\desktop\slam\buptslam_v7\buptslam\buptslam\x64\debug\motionmodel.obj
c:\users\evan\desktop\slam\buptslam_v7\buptslam\buptslam\x64\debug\movement.obj
c:\users\evan\desktop\slam\buptslam_v7\buptslam\buptslam\x64\debug\odometryreading.obj
c:\users\evan\desktop\slam\buptslam_v7\buptslam\buptslam\x64\debug\odometrysensor.obj
c:\users\evan\desktop\slam\buptslam_v7\buptslam\buptslam\x64\debug\rangereading.obj
c:\users\evan\desktop\slam\buptslam_v7\buptslam\buptslam\x64\debug\rangesensor.obj
c:\users\evan\desktop\slam\buptslam_v7\buptslam\buptslam\x64\debug\scanmatcher.obj
c:\users\evan\desktop\slam\buptslam_v7\buptslam\buptslam\x64\debug\sensor.obj
c:\users\evan\desktop\slam\buptslam_v7\buptslam\buptslam\x64\debug\sensorlog.obj
c:\users\evan\desktop\slam\buptslam_v7\buptslam\buptslam\x64\debug\sensorreading.obj
c:\users\evan\desktop\slam\buptslam_v7\buptslam\buptslam\x64\debug\smmap.obj
c:\users\evan\desktop\slam\buptslam_v7\buptslam\buptslam\x64\debug\sse_math.obj
c:\users\evan\desktop\slam\buptslam_v7\buptslam\buptslam\x64\debug\stat.obj
c:\users\evan\desktop\slam\buptslam_v7\buptslam\x64\debug\buptslam.ilk
c:\users\evan\desktop\slam\buptslam_v7\buptslam\x64\debug\buptslam.exe
c:\users\evan\desktop\slam\buptslam_v7\buptslam\x64\debug\buptslam.pdb
c:\users\evan\desktop\slam\buptslam_v7\buptslam\buptslam\x64\debug\buptslam.tlog\cl.command.1.tlog
c:\users\evan\desktop\slam\buptslam_v7\buptslam\buptslam\x64\debug\buptslam.tlog\cl.read.1.tlog
c:\users\evan\desktop\slam\buptslam_v7\buptslam\buptslam\x64\debug\buptslam.tlog\cl.write.1.tlog
c:\users\evan\desktop\slam\buptslam_v7\buptslam\buptslam\x64\debug\buptslam.tlog\link.command.1.tlog
c:\users\evan\desktop\slam\buptslam_v7\buptslam\buptslam\x64\debug\buptslam.tlog\link.read.1.tlog
c:\users\evan\desktop\slam\buptslam_v7\buptslam\buptslam\x64\debug\buptslam.tlog\link.write.1.tlog
