生成启动时间为 2017/7/7 10:59:41。
     1>项目“C:\Users\EVAN\Desktop\Slam\BUPTSLAM_V7\BUPTSLAM\BUPTSLAM\BUPTSLAM.vcxproj”在节点 2 上(Build 个目标)。
     1>Link:
         D:\Microsoft Visual Studio 12.0\VC\bin\x86_amd64\link.exe /ERRORREPORT:PROMPT /OUT:"C:\Users\EVAN\Desktop\Slam\BUPTSLAM_V7\BUPTSLAM\x64\Debug\BUPTSLAM.exe" /INCREMENTAL /NOLOGO /LIBPATH:D:\Install\Opencv3\opencv\build\x86\vc12\lib opencv_world310d.lib kernel32.lib user32.lib gdi32.lib winspool.lib comdlg32.lib advapi32.lib shell32.lib ole32.lib oleaut32.lib uuid.lib odbc32.lib odbccp32.lib /MANIFEST /MANIFESTUAC:"level='asInvoker' uiAccess='false'" /manifest:embed /DEBUG /PDB:"C:\Users\EVAN\Desktop\Slam\BUPTSLAM_V7\BUPTSLAM\x64\Debug\BUPTSLAM.pdb" /SUBSYSTEM:CONSOLE /TLBID:1 /DYNAMICBASE /NXCOMPAT /IMPLIB:"C:\Users\EVAN\Desktop\Slam\BUPTSLAM_V7\BUPTSLAM\x64\Debug\BUPTSLAM.lib" /MACHINE:X64 x64\Debug\carmenconfiguration.obj
         x64\Debug\configfile.obj
         x64\Debug\configuration.obj
         x64\Debug\gridslamprocessor.obj
         x64\Debug\gridslamprocessor_tree.obj
         x64\Debug\main.obj
         x64\Debug\motionmodel.obj
         x64\Debug\movement.obj
         x64\Debug\odometryreading.obj
         x64\Debug\odometrysensor.obj
         x64\Debug\rangereading.obj
         x64\Debug\rangesensor.obj
         x64\Debug\scanmatcher.obj
         x64\Debug\sensor.obj
         x64\Debug\sensorlog.obj
         x64\Debug\sensorreading.obj
         x64\Debug\smmap.obj
         x64\Debug\sse_math.obj
         x64\Debug\stat.obj
         BUPTSLAM.vcxproj -> C:\Users\EVAN\Desktop\Slam\BUPTSLAM_V7\BUPTSLAM\x64\Debug\BUPTSLAM.exe
     1>已完成生成项目“C:\Users\EVAN\Desktop\Slam\BUPTSLAM_V7\BUPTSLAM\BUPTSLAM\BUPTSLAM.vcxproj”(Build 个目标)的操作。

生成成功。

已用时间 00:00:01.05
