d:\slam\buptslam\buptslam\release\vc120.pdb
d:\slam\buptslam\buptslam\release\scanmatcher.obj
d:\slam\buptslam\buptslam\release\main.obj
d:\slam\buptslam\buptslam\release\gridslamprocessor_tree.obj
d:\slam\buptslam\buptslam\release\gridslamprocessor.obj
d:\slam\buptslam\buptslam\release\smmap.obj
d:\slam\buptslam\buptslam\release\configuration.obj
d:\slam\buptslam\buptslam\release\rangereading.obj
d:\slam\buptslam\buptslam\release\configfile.obj
d:\slam\buptslam\buptslam\release\motionmodel.obj
d:\slam\buptslam\buptslam\release\odometryreading.obj
d:\slam\buptslam\buptslam\release\sensor.obj
d:\slam\buptslam\buptslam\release\sse_math.obj
d:\slam\buptslam\buptslam\release\stat.obj
d:\slam\buptslam\buptslam\release\carmenconfiguration.obj
d:\slam\buptslam\buptslam\release\sensorreading.obj
d:\slam\buptslam\buptslam\release\movement.obj
d:\slam\buptslam\buptslam\release\odometrysensor.obj
d:\slam\buptslam\buptslam\release\rangesensor.obj
d:\slam\buptslam\buptslam\release\sensorlog.obj
d:\slam\buptslam\release\buptslam.exe
d:\slam\buptslam\release\buptslam.pdb
d:\slam\buptslam\buptslam\release\buptslam.tlog\cl.command.1.tlog
d:\slam\buptslam\buptslam\release\buptslam.tlog\cl.read.1.tlog
d:\slam\buptslam\buptslam\release\buptslam.tlog\cl.write.1.tlog
d:\slam\buptslam\buptslam\release\buptslam.tlog\link.command.1.tlog
d:\slam\buptslam\buptslam\release\buptslam.tlog\link.read.1.tlog
d:\slam\buptslam\buptslam\release\buptslam.tlog\link.write.1.tlog
