生成启动时间为 2017/1/13 17:31:54。
     1>项目“D:\SLAM\BUPTSLAM\BUPTSLAM\BUPTSLAM.vcxproj”在节点 2 上(Build 个目标)。
     1>ClCompile:
         C:\Program Files (x86)\Microsoft Visual Studio 12.0\VC\bin\CL.exe /c /ID:\Install\boost_1_63_0\boost_1_63_0 /ID:\Install\Opencv3\opencv\build\include /ID:\Install\Opencv3\opencv\build\include\opencv /ID:\Install\Opencv3\opencv\build\include\opencv2 /ZI /nologo /W3 /WX- /sdl /Od /Oy- /D _SCL_SECURE_NO_WARNINGS /D WIN32 /D _DEBUG /D _CONSOLE /D _LIB /D _UNICODE /D UNICODE /Gm /EHsc /RTC1 /MDd /GS /fp:precise /Zc:wchar_t /Zc:forScope /Fo"Debug\\" /Fd"Debug\vc120.pdb" /Gd /TP /analyze- /errorReport:prompt gridslamprocessor.cpp gridslamprocessor_tree.cpp main.cpp scanmatcher.cpp smmap.cpp
         main.cpp
     1>d:\slam\buptslam\buptslam\gridslamprocessor.h : warning C4819: 该文件包含不能在当前代码页(936)中表示的字符。请将该文件保存为 Unicode 格式以防止数据丢失
     1>d:\slam\buptslam\buptslam\scanmatcher.h : warning C4819: 该文件包含不能在当前代码页(936)中表示的字符。请将该文件保存为 Unicode 格式以防止数据丢失
     1>d:\slam\buptslam\buptslam\sse_mathfun.h(85): warning C4305: “初始化”: 从“double”到“const float”截断
     1>d:\slam\buptslam\buptslam\sse_mathfun.h(86): warning C4305: “初始化”: 从“double”到“const float”截断
     1>d:\slam\buptslam\buptslam\sse_mathfun.h(87): warning C4305: “初始化”: 从“double”到“const float”截断
     1>d:\slam\buptslam\buptslam\sse_mathfun.h(88): warning C4305: “初始化”: 从“double”到“const float”截断
     1>d:\slam\buptslam\buptslam\sse_mathfun.h(89): warning C4305: “初始化”: 从“double”到“const float”截断
     1>d:\slam\buptslam\buptslam\sse_mathfun.h(90): warning C4305: “初始化”: 从“double”到“const float”截断
     1>d:\slam\buptslam\buptslam\sse_mathfun.h(91): warning C4305: “初始化”: 从“double”到“const float”截断
     1>d:\slam\buptslam\buptslam\sse_mathfun.h(92): warning C4305: “初始化”: 从“double”到“const float”截断
     1>d:\slam\buptslam\buptslam\sse_mathfun.h(93): warning C4305: “初始化”: 从“double”到“const float”截断
     1>d:\slam\buptslam\buptslam\sse_mathfun.h(94): warning C4305: “初始化”: 从“double”到“const float”截断
     1>d:\slam\buptslam\buptslam\sse_mathfun.h(95): warning C4305: “初始化”: 从“double”到“const float”截断
     1>d:\slam\buptslam\buptslam\scanmatcher.h(307): warning C4018: “<”: 有符号/无符号不匹配
     1>d:\slam\buptslam\buptslam\scanmatcher.h(309): warning C4244: “=”: 从“double”转换到“float”，可能丢失数据
     1>d:\slam\buptslam\buptslam\scanmatcher.h(310): warning C4244: “=”: 从“double”转换到“float”，可能丢失数据
     1>d:\slam\buptslam\buptslam\scanmatcher.h(311): warning C4244: “=”: 从“double”转换到“float”，可能丢失数据
     1>d:\slam\buptslam\buptslam\scanmatcher.h(312): warning C4244: “=”: 从“double”转换到“float”，可能丢失数据
     1>d:\slam\buptslam\buptslam\gridslamprocessor.h(251): warning C4800: “double”: 将值强制为布尔值“true”或“false”(性能警告)
     1>d:\install\opencv3\opencv\build\include\opencv2\core\mat.hpp(1965): warning C4819: 该文件包含不能在当前代码页(936)中表示的字符。请将该文件保存为 Unicode 格式以防止数据丢失
     1>d:\install\opencv3\opencv\build\include\opencv2\core\persistence.hpp : warning C4819: 该文件包含不能在当前代码页(936)中表示的字符。请将该文件保存为 Unicode 格式以防止数据丢失
     1>d:\install\opencv3\opencv\build\include\opencv2\core\utility.hpp : warning C4819: 该文件包含不能在当前代码页(936)中表示的字符。请将该文件保存为 Unicode 格式以防止数据丢失
     1>d:\slam\buptslam\buptslam\main.cpp(58): warning C4101: “theta1”: 未引用的局部变量
     1>d:\slam\buptslam\buptslam\main.cpp(177): warning C4244: “参数”: 从“time_t”转换到“unsigned long”，可能丢失数据
     1>d:\slam\buptslam\buptslam\main.cpp(218): warning C4244: “=”: 从“double”转换到“float”，可能丢失数据
         正在生成代码...
         正在编译...
         smmap.cpp
         scanmatcher.cpp
     1>d:\slam\buptslam\buptslam\scanmatcher.cpp : warning C4819: 该文件包含不能在当前代码页(936)中表示的字符。请将该文件保存为 Unicode 格式以防止数据丢失
     1>d:\slam\buptslam\buptslam\scanmatcher.h : warning C4819: 该文件包含不能在当前代码页(936)中表示的字符。请将该文件保存为 Unicode 格式以防止数据丢失
     1>d:\slam\buptslam\buptslam\sse_mathfun.h(85): warning C4305: “初始化”: 从“double”到“const float”截断
     1>d:\slam\buptslam\buptslam\sse_mathfun.h(86): warning C4305: “初始化”: 从“double”到“const float”截断
     1>d:\slam\buptslam\buptslam\sse_mathfun.h(87): warning C4305: “初始化”: 从“double”到“const float”截断
     1>d:\slam\buptslam\buptslam\sse_mathfun.h(88): warning C4305: “初始化”: 从“double”到“const float”截断
     1>d:\slam\buptslam\buptslam\sse_mathfun.h(89): warning C4305: “初始化”: 从“double”到“const float”截断
     1>d:\slam\buptslam\buptslam\sse_mathfun.h(90): warning C4305: “初始化”: 从“double”到“const float”截断
     1>d:\slam\buptslam\buptslam\sse_mathfun.h(91): warning C4305: “初始化”: 从“double”到“const float”截断
     1>d:\slam\buptslam\buptslam\sse_mathfun.h(92): warning C4305: “初始化”: 从“double”到“const float”截断
     1>d:\slam\buptslam\buptslam\sse_mathfun.h(93): warning C4305: “初始化”: 从“double”到“const float”截断
     1>d:\slam\buptslam\buptslam\sse_mathfun.h(94): warning C4305: “初始化”: 从“double”到“const float”截断
     1>d:\slam\buptslam\buptslam\sse_mathfun.h(95): warning C4305: “初始化”: 从“double”到“const float”截断
     1>d:\slam\buptslam\buptslam\scanmatcher.h(307): warning C4018: “<”: 有符号/无符号不匹配
     1>d:\slam\buptslam\buptslam\scanmatcher.h(309): warning C4244: “=”: 从“double”转换到“float”，可能丢失数据
     1>d:\slam\buptslam\buptslam\scanmatcher.h(310): warning C4244: “=”: 从“double”转换到“float”，可能丢失数据
     1>d:\slam\buptslam\buptslam\scanmatcher.h(311): warning C4244: “=”: 从“double”转换到“float”，可能丢失数据
     1>d:\slam\buptslam\buptslam\scanmatcher.h(312): warning C4244: “=”: 从“double”转换到“float”，可能丢失数据
         gridslamprocessor_tree.cpp
     1>d:\slam\buptslam\buptslam\gridslamprocessor_tree.cpp : warning C4819: 该文件包含不能在当前代码页(936)中表示的字符。请将该文件保存为 Unicode 格式以防止数据丢失
     1>d:\slam\buptslam\buptslam\gridslamprocessor.h : warning C4819: 该文件包含不能在当前代码页(936)中表示的字符。请将该文件保存为 Unicode 格式以防止数据丢失
     1>d:\slam\buptslam\buptslam\scanmatcher.h : warning C4819: 该文件包含不能在当前代码页(936)中表示的字符。请将该文件保存为 Unicode 格式以防止数据丢失
     1>d:\slam\buptslam\buptslam\sse_mathfun.h(85): warning C4305: “初始化”: 从“double”到“const float”截断
     1>d:\slam\buptslam\buptslam\sse_mathfun.h(86): warning C4305: “初始化”: 从“double”到“const float”截断
     1>d:\slam\buptslam\buptslam\sse_mathfun.h(87): warning C4305: “初始化”: 从“double”到“const float”截断
     1>d:\slam\buptslam\buptslam\sse_mathfun.h(88): warning C4305: “初始化”: 从“double”到“const float”截断
     1>d:\slam\buptslam\buptslam\sse_mathfun.h(89): warning C4305: “初始化”: 从“double”到“const float”截断
     1>d:\slam\buptslam\buptslam\sse_mathfun.h(90): warning C4305: “初始化”: 从“double”到“const float”截断
     1>d:\slam\buptslam\buptslam\sse_mathfun.h(91): warning C4305: “初始化”: 从“double”到“const float”截断
     1>d:\slam\buptslam\buptslam\sse_mathfun.h(92): warning C4305: “初始化”: 从“double”到“const float”截断
     1>d:\slam\buptslam\buptslam\sse_mathfun.h(93): warning C4305: “初始化”: 从“double”到“const float”截断
     1>d:\slam\buptslam\buptslam\sse_mathfun.h(94): warning C4305: “初始化”: 从“double”到“const float”截断
     1>d:\slam\buptslam\buptslam\sse_mathfun.h(95): warning C4305: “初始化”: 从“double”到“const float”截断
     1>d:\slam\buptslam\buptslam\scanmatcher.h(307): warning C4018: “<”: 有符号/无符号不匹配
     1>d:\slam\buptslam\buptslam\scanmatcher.h(309): warning C4244: “=”: 从“double”转换到“float”，可能丢失数据
     1>d:\slam\buptslam\buptslam\scanmatcher.h(310): warning C4244: “=”: 从“double”转换到“float”，可能丢失数据
     1>d:\slam\buptslam\buptslam\scanmatcher.h(311): warning C4244: “=”: 从“double”转换到“float”，可能丢失数据
     1>d:\slam\buptslam\buptslam\scanmatcher.h(312): warning C4244: “=”: 从“double”转换到“float”，可能丢失数据
     1>d:\slam\buptslam\buptslam\gridslamprocessor.h(251): warning C4800: “double”: 将值强制为布尔值“true”或“false”(性能警告)
         gridslamprocessor.cpp
     1>d:\slam\buptslam\buptslam\gridslamprocessor.cpp : warning C4819: 该文件包含不能在当前代码页(936)中表示的字符。请将该文件保存为 Unicode 格式以防止数据丢失
     1>d:\slam\buptslam\buptslam\gridslamprocessor.h : warning C4819: 该文件包含不能在当前代码页(936)中表示的字符。请将该文件保存为 Unicode 格式以防止数据丢失
     1>d:\slam\buptslam\buptslam\scanmatcher.h : warning C4819: 该文件包含不能在当前代码页(936)中表示的字符。请将该文件保存为 Unicode 格式以防止数据丢失
     1>d:\slam\buptslam\buptslam\sse_mathfun.h(85): warning C4305: “初始化”: 从“double”到“const float”截断
     1>d:\slam\buptslam\buptslam\sse_mathfun.h(86): warning C4305: “初始化”: 从“double”到“const float”截断
     1>d:\slam\buptslam\buptslam\sse_mathfun.h(87): warning C4305: “初始化”: 从“double”到“const float”截断
     1>d:\slam\buptslam\buptslam\sse_mathfun.h(88): warning C4305: “初始化”: 从“double”到“const float”截断
     1>d:\slam\buptslam\buptslam\sse_mathfun.h(89): warning C4305: “初始化”: 从“double”到“const float”截断
     1>d:\slam\buptslam\buptslam\sse_mathfun.h(90): warning C4305: “初始化”: 从“double”到“const float”截断
     1>d:\slam\buptslam\buptslam\sse_mathfun.h(91): warning C4305: “初始化”: 从“double”到“const float”截断
     1>d:\slam\buptslam\buptslam\sse_mathfun.h(92): warning C4305: “初始化”: 从“double”到“const float”截断
     1>d:\slam\buptslam\buptslam\sse_mathfun.h(93): warning C4305: “初始化”: 从“double”到“const float”截断
     1>d:\slam\buptslam\buptslam\sse_mathfun.h(94): warning C4305: “初始化”: 从“double”到“const float”截断
     1>d:\slam\buptslam\buptslam\sse_mathfun.h(95): warning C4305: “初始化”: 从“double”到“const float”截断
     1>d:\slam\buptslam\buptslam\scanmatcher.h(307): warning C4018: “<”: 有符号/无符号不匹配
     1>d:\slam\buptslam\buptslam\scanmatcher.h(309): warning C4244: “=”: 从“double”转换到“float”，可能丢失数据
     1>d:\slam\buptslam\buptslam\scanmatcher.h(310): warning C4244: “=”: 从“double”转换到“float”，可能丢失数据
     1>d:\slam\buptslam\buptslam\scanmatcher.h(311): warning C4244: “=”: 从“double”转换到“float”，可能丢失数据
     1>d:\slam\buptslam\buptslam\scanmatcher.h(312): warning C4244: “=”: 从“double”转换到“float”，可能丢失数据
     1>d:\slam\buptslam\buptslam\gridslamprocessor.h(251): warning C4800: “double”: 将值强制为布尔值“true”或“false”(性能警告)
     1>d:\install\opencv3\opencv\build\include\opencv2\core\mat.hpp(1965): warning C4819: 该文件包含不能在当前代码页(936)中表示的字符。请将该文件保存为 Unicode 格式以防止数据丢失
     1>d:\install\opencv3\opencv\build\include\opencv2\core\persistence.hpp : warning C4819: 该文件包含不能在当前代码页(936)中表示的字符。请将该文件保存为 Unicode 格式以防止数据丢失
     1>d:\install\opencv3\opencv\build\include\opencv2\core\utility.hpp : warning C4819: 该文件包含不能在当前代码页(936)中表示的字符。请将该文件保存为 Unicode 格式以防止数据丢失
         正在生成代码...
       Link:
         C:\Program Files (x86)\Microsoft Visual Studio 12.0\VC\bin\link.exe /ERRORREPORT:PROMPT /OUT:"D:\SLAM\BUPTSLAM\Debug\BUPTSLAM.exe" /INCREMENTAL /NOLOGO /LIBPATH:D:\Install\Opencv3\opencv\build\x86\vc12\lib opencv_world300d.lib kernel32.lib user32.lib gdi32.lib winspool.lib comdlg32.lib advapi32.lib shell32.lib ole32.lib oleaut32.lib uuid.lib odbc32.lib odbccp32.lib /MANIFEST /MANIFESTUAC:"level='asInvoker' uiAccess='false'" /manifest:embed /DEBUG /PDB:"D:\SLAM\BUPTSLAM\Debug\BUPTSLAM.pdb" /SUBSYSTEM:CONSOLE /TLBID:1 /DYNAMICBASE /NXCOMPAT /IMPLIB:"D:\SLAM\BUPTSLAM\Debug\BUPTSLAM.lib" /MACHINE:X86 Debug\carmenconfiguration.obj
         Debug\configfile.obj
         Debug\configuration.obj
         Debug\gridslamprocessor.obj
         Debug\gridslamprocessor_tree.obj
         Debug\main.obj
         Debug\motionmodel.obj
         Debug\movement.obj
         Debug\odometryreading.obj
         Debug\odometrysensor.obj
         Debug\rangereading.obj
         Debug\rangesensor.obj
         Debug\scanmatcher.obj
         Debug\sensor.obj
         Debug\sensorlog.obj
         Debug\sensorreading.obj
         Debug\smmap.obj
         Debug\sse_math.obj
         Debug\stat.obj
         BUPTSLAM.vcxproj -> D:\SLAM\BUPTSLAM\Debug\BUPTSLAM.exe
     1>已完成生成项目“D:\SLAM\BUPTSLAM\BUPTSLAM\BUPTSLAM.vcxproj”(Build 个目标)的操作。

生成成功。

已用时间 00:00:06.89
