d:\slam\buptslam\buptslam\debug\vc120.pdb
d:\slam\buptslam\buptslam\debug\vc120.idb
d:\slam\buptslam\buptslam\debug\carmenconfiguration.obj
d:\slam\buptslam\buptslam\debug\configfile.obj
d:\slam\buptslam\buptslam\debug\configuration.obj
d:\slam\buptslam\buptslam\debug\gridslamprocessor.obj
d:\slam\buptslam\buptslam\debug\gridslamprocessor_tree.obj
d:\slam\buptslam\buptslam\debug\main.obj
d:\slam\buptslam\buptslam\debug\motionmodel.obj
d:\slam\buptslam\buptslam\debug\movement.obj
d:\slam\buptslam\buptslam\debug\odometryreading.obj
d:\slam\buptslam\buptslam\debug\odometrysensor.obj
d:\slam\buptslam\buptslam\debug\rangereading.obj
d:\slam\buptslam\buptslam\debug\rangesensor.obj
d:\slam\buptslam\buptslam\debug\scanmatcher.obj
d:\slam\buptslam\buptslam\debug\sensor.obj
d:\slam\buptslam\buptslam\debug\sensorlog.obj
d:\slam\buptslam\buptslam\debug\sensorreading.obj
d:\slam\buptslam\buptslam\debug\sensorstream.obj
d:\slam\buptslam\buptslam\debug\smmap.obj
d:\slam\buptslam\buptslam\debug\stat.obj
d:\slam\buptslam\debug\buptslam.ilk
d:\slam\buptslam\debug\buptslam.exe
d:\slam\buptslam\debug\buptslam.pdb
d:\slam\buptslam\buptslam\debug\buptslam.tlog\cl.command.1.tlog
d:\slam\buptslam\buptslam\debug\buptslam.tlog\cl.read.1.tlog
d:\slam\buptslam\buptslam\debug\buptslam.tlog\cl.write.1.tlog
d:\slam\buptslam\buptslam\debug\buptslam.tlog\link.command.1.tlog
d:\slam\buptslam\buptslam\debug\buptslam.tlog\link.read.1.tlog
d:\slam\buptslam\buptslam\debug\buptslam.tlog\link.write.1.tlog
